[33mΓ¥»[39m Building...
[32mΓ£ö[39m Building...
Application bundle generation failed. [11.062 seconds] - 2026-02-28T13:33:37.013Z

node.exe : 
[1m[33m[33mΓû▓ [43
;33m[[43;30mWARNING[
43;33m][0m 
[1mNG8113: 
DataTableComponent is 
not used within the 
template of 
UsersComponent[0m 
[1m[35m[plugin 
angular-compiler][0m
At line:1 char:1
+ & "C:\Program Files\
nodejs/node.exe" 
"C:\Program 
Files\nodejs/node_mo 
...
+ ~~~~~~~~~~~~~~~~~~~~
~~~~~~~~~~~~~~~~~~~~~~
~~~~~~~~~~~~~~~~~~~~~~
~~~~~
    + CategoryInfo    
          : NotSpeci  
  fied: ([1m[33m   
 [33mΓ...r-compile    
r][0m:String) []    
, RemoteException
    + FullyQualifiedE 
   rrorId : NativeCo  
  mmandError
 

    src/app/features/a
dmin/users/users.compo
nent.ts:14:41:
[37m      14 Γöé 
...onModule, 
FormsModule, [32mData
TableComponent[37m, P
aginationComponent,...
         Γò╡          
                 [32m
~~~~~~~~~~~~~~~~~~[0m


[33mΓû▓ [43;33m[[43
;30mWARNING[43;33m][
0m [1mNG8113: 
DataTableComponent is 
not used within the 
template of AgentPolic
iesComponent[0m 
[1m[35m[plugin 
angular-compiler][0m

    src/app/features/a
gent/agent-policies/ag
ent-policies.component
.ts:14:39:
[37m      14 Γöé 
...onModule, 
FormsModule, [32mData
TableComponent[37m, P
aginationComponent,...
         Γò╡          
                 [32m
~~~~~~~~~~~~~~~~~~[0m


[33mΓû▓ [43;33m[[43
;30mWARNING[43;33m][
0m [1mNG8113: 
DataTableComponent is 
not used within the 
template of 
ClaimsComponent[0m 
[1m[35m[plugin 
angular-compiler][0m

    src/app/features/c
ustomer/claims/claims.
component.ts:15:39:
[37m      15 Γöé 
...onModule, 
FormsModule, [32mData
TableComponent[37m, 
BadgeComponent, 
Aler...
         Γò╡          
                 [32m
~~~~~~~~~~~~~~~~~~[0m


[33mΓû▓ [43;33m[[43
;30mWARNING[43;33m][
0m [1mNG8113: 
DataTableComponent is 
not used within the 
template of CustomerDa
shboardComponent[0m 
[1m[35m[plugin 
angular-compiler][0m

    src/app/features/c
ustomer/customer-dashb
oard/customer-dashboar
d.component.ts:12:61:
[37m      12 Γöé 
...ommonModule, 
RouterModule, 
StatCardComponent, [3
2mDataTableComponent[
37m],
         Γò╡          
                      
                  [32
m~~~~~~~~~~~~~~~~~~[0
m


[33mΓû▓ [43;33m[[43
;30mWARNING[43;33m][
0m [1mNG8113: 
DataTableComponent is 
not used within the 
template of OfficerCla
imsComponent[0m 
[1m[35m[plugin 
angular-compiler][0m

    src/app/features/o
fficer/claims/claims.c
omponent.ts:15:39:
[37m      15 Γöé 
...onModule, 
FormsModule, [32mData
TableComponent[37m, P
aginationComponent,...
         Γò╡          
                 [32m
~~~~~~~~~~~~~~~~~~[0m

[39m[22m
[1m[31m[31mX [41;3
1m[[41;97mERROR[41;3
1m][0m [1mTS2339: 
Property 'id' does 
not exist on type 
'PolicyDto'.[0m 
[1m[35m[plugin 
angular-compiler][0m

    src/app/features/a
gent/agent-policies/ag
ent-policies.component
.ts:60:71:
[37m      60 Γöé 
...ies()" (click)="sel
ectPolicy(p.[32mid[3
7m)" class="hover:bg-g
ray-50 cur...
         Γò╡          
                      
   [32m~~[0m


[31mX [41;31m[[41;9
7mERROR[41;31m][0m 
[1mTS2339: Property 
'planTier' does not 
exist on type 
'PolicyDto'.[0m 
[1m[35m[plugin 
angular-compiler][0m

    src/app/features/a
gent/agent-policies/ag
ent-policies.component
.ts:64:62:
[37m      64 Γöé ... 
    <div 
class="font-medium 
text-gray-900">{{ 
p.[32mplanTier[37m 
}}</div>
         Γò╡          
                      
                     
[32m~~~~~~~~[0m


[31mX [41;31m[[41;9
7mERROR[41;31m][0m 
[1mTS2339: Property 
'assignedOfficerId' 
does not exist on 
type 'ClaimDto'.[0m 
[1m[35m[plugin 
angular-compiler][0m

    src/app/features/c
ustomer/claims/claims.
component.ts:156:47:
[37m      156 Γöé    
               <div *n
gIf="selectedClaim()?.
[32massignedOfficerId
[37m">
          Γò╡         
                      
                 [32m
~~~~~~~~~~~~~~~~~[0m


[31mX [41;31m[[41;9
7mERROR[41;31m][0m 
[1mTS2339: Property 
'assignedOfficerId' 
does not exist on 
type 'ClaimDto'.[0m 
[1m[35m[plugin 
angular-compiler][0m

    src/app/features/c
ustomer/claims/claims.
component.ts:158:79:
[37m      158 Γöé 
...t-sm 
text-gray-900">{{ sele
ctedClaim()?.[32massi
gnedOfficerId[37m 
}}</dd>
          Γò╡         
                      
             [32m~~~~
~~~~~~~~~~~~~[0m


[31mX [41;31m[[41;9
7mERROR[41;31m][0m 
[1mTS2322: Type 
'string | null' is 
not assignable to 
type 'string | 
number'.
  Type 'null' is not 
assignable to type 
'string | 
number'.[0m 
[1m[35m[plugin 
angular-compiler][0m

    src/app/features/c
ustomer/customer-dashb
oard/customer-dashboar
d.component.ts:29:47:
[37m      29 Γöé 
...t-card title="Next 
Renewal" [[32mvalue[
37m]="data.nextRenewal
Date ? (da...
         Γò╡          
                      
 [32m~~~~~[0m


[31mX [41;31m[[41;9
7mERROR[41;31m][0m 
[1mTS2339: Property 
'planTier' does not 
exist on type 'PolicyD
etailDto'.[0m 
[1m[35m[plugin 
angular-compiler][0m

    src/app/features/c
ustomer/policies/polic
ies.component.ts:79:12
6:
[37m      79 Γöé ...i
cy()!.insuranceTypeNam
e }} - {{ selectedPoli
cy()!.[32mplanTier[3
7m }}</p>
         Γò╡          
                      
                      
 [32m~~~~~~~~[0m


[31mX [41;31m[[41;9
7mERROR[41;31m][0m 
[1mTS2339: Property 
'planTier' does not 
exist on type 
'QuoteResponse'.[0m 
[1m[35m[plugin 
angular-compiler][0m

    src/app/features/c
ustomer/quotes/quotes.
component.ts:58:102:
[37m      58 Γöé 
...00 mb-2">{{ quote.i
nsuranceTypeName }} - 
{{ quote.[32mplanTier
[37m }}</h4>
         Γò╡          
                      
                      
[32m~~~~~~~~[0m


[31mX [41;31m[[41;9
7mERROR[41;31m][0m 
[1mTS2339: Property 
'riskLevel' does not 
exist on type 
'QuoteResponse'.[0m 
[1m[35m[plugin 
angular-compiler][0m

    src/app/features/c
ustomer/quotes/quotes.
component.ts:62:41:
[37m      62 Γöé     
          <app-badge [
status]="quote.[32mri
skLevel[37m"></app-ba
dge>
         Γò╡          
                      
          
[32m~~~~~~~~~[0m


[31mX [41;31m[[41;9
7mERROR[41;31m][0m 
[1mTS2339: Property 
'multiplier' does not 
exist on type 
'QuoteResponse'.[0m 
[1m[35m[plugin 
angular-compiler][0m

    src/app/features/c
ustomer/quotes/quotes.
component.ts:63:108:
[37m      63 Γöé 
...{ quote.riskScore 
}} | Multiplier: {{ qu
ote.[32mmultiplier[3
7m }}x)</span>
         Γò╡          
                      
                
[32m~~~~~~~~~~[0m


[31mX [41;31m[[41;9
7mERROR[41;31m][0m 
[1mTS2339: Property 
'status' does not 
exist on type 
'QuoteResponse'.[0m 
[1m[35m[plugin 
angular-compiler][0m

    src/app/features/c
ustomer/quotes/quotes.
component.ts:79:33:
[37m      79 Γöé ... 
       <button *ngIf="
quote.[32mstatus[37m
 === 'Available'" 
(click)="o...
         Γò╡          
                      
 [32m~~~~~~[0m


[31mX [41;31m[[41;9
7mERROR[41;31m][0m 
[1mTS2339: Property 
'planTier' does not 
exist on type 
'QuoteResponse'.[0m 
[1m[35m[plugin 
angular-compiler][0m

    src/app/features/c
ustomer/quotes/quotes.
component.ts:105:64:
[37m      105 Γöé 
...    <div 
class="font-medium 
text-gray-900">{{ 
q.[32mplanTier[37m 
}}</div>
          Γò╡         
                      
                     
[32m~~~~~~~~[0m


[31mX [41;31m[[41;9
7mERROR[41;31m][0m 
[1mTS2339: Property 
'riskLevel' does not 
exist on type 
'QuoteResponse'.[0m 
[1m[35m[plugin 
angular-compiler][0m

    src/app/features/c
ustomer/quotes/quotes.
component.ts:109:89:
[37m      109 Γöé 
...wrap 
text-sm"><app-badge [s
tatus]="q.[32mriskLev
el[37m"></app-badge><
/td>
          Γò╡         
                      
          
[32m~~~~~~~~~[0m


[31mX [41;31m[[41;9
7mERROR[41;31m][0m 
[1mTS2339: Property 
'status' does not 
exist on type 
'QuoteResponse'.[0m 
[1m[35m[plugin 
angular-compiler][0m

    src/app/features/c
ustomer/quotes/quotes.
component.ts:110:89:
[37m      110 Γöé 
...-sm"><app-badge [st
atus]="q.[32mstatus[
37m === 'Converted' ? 
'Approved...
          Γò╡         
                      
 [32m~~~~~~[0m


[31mX [41;31m[[41;9
7mERROR[41;31m][0m 
[1mTS2339: Property 
'status' does not 
exist on type 
'QuoteResponse'.[0m 
[1m[35m[plugin 
angular-compiler][0m

    src/app/features/c
ustomer/quotes/quotes.
component.ts:112:37:
[37m      112 Γöé 
...           <button 
*ngIf="q.[32mstatus[
37m === 'Available'" 
(click)="o...
          Γò╡         
                      
 [32m~~~~~~[0m


[31mX [41;31m[[41;9
7mERROR[41;31m][0m 
[1mTS2339: Property 
'status' does not 
exist on type 
'QuoteResponse'.[0m 
[1m[35m[plugin 
angular-compiler][0m

    src/app/features/c
ustomer/quotes/quotes.
component.ts:113:35:
[37m      113 Γöé 
...             <span 
*ngIf="q.[32mstatus[
37m === 'Converted'" 
class="tex...
          Γò╡         
                      
 [32m~~~~~~[0m


[31mX [41;31m[[41;9
7mERROR[41;31m][0m 
[1mTS2339: Property 
'status' does not 
exist on type 
'QuoteResponse'.[0m 
[1m[35m[plugin 
angular-compiler][0m

    src/app/features/c
ustomer/quotes/quotes.
component.ts:114:35:
[37m      114 Γöé 
...             <span 
*ngIf="q.[32mstatus[
37m === 'Expired'" 
class="text-...
          Γò╡         
                      
 [32m~~~~~~[0m

[39m[22m
