❯ Building...
✔ Building...
Application bundle generation failed. [11.136 seconds] - 2026-02-28T13:18:58.520Z

▲ [WARNING] NG8113: DataTableComponent is not used within the template of UsersComponent [plugin angular-compiler]

    src/app/features/admin/users/users.component.ts:14:41:
      14 │ ...onModule, FormsModule, DataTableComponent, PaginationComponent,...
         ╵                           ~~~~~~~~~~~~~~~~~~


▲ [WARNING] NG8113: DataTableComponent is not used within the template of AgentPoliciesComponent [plugin angular-compiler]

    src/app/features/agent/agent-policies/agent-policies.component.ts:14:41:
      14 │ ...onModule, FormsModule, DataTableComponent, PaginationComponent,...
         ╵                           ~~~~~~~~~~~~~~~~~~


▲ [WARNING] NG8113: DataTableComponent is not used within the template of ClaimsComponent [plugin angular-compiler]

    src/app/features/customer/claims/claims.component.ts:15:41:
      15 │ ...onModule, FormsModule, DataTableComponent, BadgeComponent, Aler...
         ╵                           ~~~~~~~~~~~~~~~~~~


▲ [WARNING] NG8113: DataTableComponent is not used within the template of CustomerDashboardComponent [plugin angular-compiler]

    src/app/features/customer/customer-dashboard/customer-dashboard.component.ts:12:61:
      12 │ ...ommonModule, RouterModule, StatCardComponent, DataTableComponent],
         ╵                                                  ~~~~~~~~~~~~~~~~~~


▲ [WARNING] NG8113: DataTableComponent is not used within the template of OfficerClaimsComponent [plugin angular-compiler]

    src/app/features/officer/claims/claims.component.ts:15:39:
      15 │ ...onModule, FormsModule, DataTableComponent, PaginationComponent,...
         ╵                           ~~~~~~~~~~~~~~~~~~


X [ERROR] TS2339: Property 'commissionThisMonth' does not exist on type 'CommissionSummaryDto'. [plugin angular-compiler]

    src/app/features/agent/agent-commissions/agent-commissions.component.ts:29:64:
      29 │ ..." [value]="'₹' + (sum.commissionThisMonth.toLocaleString('en-...
         ╵                        ~~~~~~~~~~~~~~~~~~~


X [ERROR] TS2551: Property 'getAgentCommissions' does not exist on type 'CommissionService'. Did you mean 'getCommissions'? [plugin angular-compiler]

    src/app/features/agent/agent-commissions/agent-commissions.component.ts:120:31:
      120 │ ...his.commissionService.getAgentCommissions(page, this.pageSize(...
          ╵                          ~~~~~~~~~~~~~~~~~~~

  'getCommissions' is declared here.

    src/app/core/services/commission.service.ts:15:4:
      15 │     getCommissions(page: number, pageSize: number): Observable<Api...
         ╵     ~~~~~~~~~~~~~~


X [ERROR] TS7006: Parameter 'res' implicitly has an 'any' type. [plugin angular-compiler]

    src/app/features/agent/agent-commissions/agent-commissions.component.ts:121:19:
      121 │             next: (res) => {
          ╵                    ~~~


X [ERROR] TS2551: Property 'commissionEarned' does not exist on type 'CommissionDto'. Did you mean 'commissionId'? [plugin angular-compiler]

    src/app/features/agent/agent-commissions/agent-commissions.component.ts:136:47:
      136 │ ...rnedFormatted: '₹' + c.commissionEarned.toLocaleString('en-I...
          ╵                         ~~~~~~~~~~~~~~~~

  'commissionId' is declared here.

    src/app/core/models/commission.model.ts:2:4:
      2 │     commissionId: number | string;
        ╵     ~~~~~~~~~~~~


X [ERROR] TS2551: Property 'earnedDate' does not exist on type 'CommissionDto'. Did you mean 'earnedAt'? [plugin angular-compiler]

    src/app/features/agent/agent-commissions/agent-commissions.component.ts:139:33:
      139 │             }).format(new Date(c.earnedDate))
          ╵                                  ~~~~~~~~~~

  'earnedAt' is declared here.

    src/app/core/models/commission.model.ts:13:4:
      13 │     earnedAt: string | Date;
         ╵     ~~~~~~~~


X [ERROR] TS2339: Property 'commissionThisMonth' does not exist on type 'CommissionSummaryDto'. [plugin angular-compiler]

    src/app/features/agent/agent-dashboard/agent-dashboard.component.ts:24:64:
      24 │ ..." [value]="'₹' + (sum.commissionThisMonth.toLocaleString('en-...
         ╵                        ~~~~~~~~~~~~~~~~~~~


X [ERROR] TS2339: Property 'recentCommissions' does not exist on type 'CommissionSummaryDto'. [plugin angular-compiler]

    src/app/features/agent/agent-dashboard/agent-dashboard.component.ts:89:29:
      89 │         if (!this.summary()?.recentCommissions) return [];
         ╵                              ~~~~~~~~~~~~~~~~~


X [ERROR] TS2339: Property 'recentCommissions' does not exist on type 'CommissionSummaryDto'. [plugin angular-compiler]

    src/app/features/agent/agent-dashboard/agent-dashboard.component.ts:92:31:
      92 │         return this.summary()!.recentCommissions.map(c => ({
         ╵                                ~~~~~~~~~~~~~~~~~


X [ERROR] TS7006: Parameter 'c' implicitly has an 'any' type. [plugin angular-compiler]

    src/app/features/agent/agent-dashboard/agent-dashboard.component.ts:92:53:
      92 │         return this.summary()!.recentCommissions.map(c => ({
         ╵                                                      ^


X [ERROR] TS2339: Property 'id' does not exist on type 'PolicyDto'. [plugin angular-compiler]

    src/app/features/agent/agent-policies/agent-policies.component.ts:60:71:
      60 │ ...ies()" (click)="selectPolicy(p.id)" class="hover:bg-gray-50 cur...
         ╵                                   ~~


X [ERROR] TS2339: Property 'planTier' does not exist on type 'PolicyDto'. [plugin angular-compiler]

    src/app/features/agent/agent-policies/agent-policies.component.ts:64:62:
      64 │ ...     <div class="font-medium text-gray-900">{{ p.planTier }}</div>
         ╵                                                     ~~~~~~~~


X [ERROR] TS2554: Expected 1 arguments, but got 4. [plugin angular-compiler]

    src/app/features/agent/agent-policies/agent-policies.component.ts:204:45:
      204 │ ...ce.getPolicies(page, this.pageSize(), status, search).subscribe({
          ╵                         ~~~~~~~~~~~~~~~~~~~~~~~~~~~~~~~


X [ERROR] TS2339: Property 'totalPending' does not exist on type 'BillingDashboardDto'. [plugin angular-compiler]

    src/app/features/customer/billing/billing.component.ts:32:62:
      32 │ ...ing" [value]="'₹' + (dash.totalPending | number:'1.0-0')" col...
         ╵                            ~~~~~~~~~~~~


X [ERROR] TS2339: Property 'totalOverdue' does not exist on type 'BillingDashboardDto'. [plugin angular-compiler]

    src/app/features/customer/billing/billing.component.ts:33:62:
      33 │ ...due" [value]="'₹' + (dash.totalOverdue | number:'1.0-0')" col...
         ╵                            ~~~~~~~~~~~~


X [ERROR] TS2322: Type 'string | null' is not assignable to type 'string | number'.
  Type 'null' is not assignable to type 'string | number'. [plugin angular-compiler]

    src/app/features/customer/billing/billing.component.ts:36:13:
      36 │             [value]="dash.nextDueDate ? (dash.nextDueDate | date:'...
         ╵              ~~~~~


X [ERROR] TS2532: Object is possibly 'undefined'. [plugin angular-compiler]

    src/app/features/customer/billing/billing.component.ts:37:24:
      37 │             [subtitle]="dash.nextDueAmount > 0 ? '₹' + (dash.nex...
         ╵                         ~~~~~~~~~~~~~~~~~~~~~~


X [ERROR] TS2339: Property 'id' does not exist on type 'PolicyDto'. [plugin angular-compiler]

    src/app/features/customer/billing/billing.component.ts:49:64:
      49 │ ...et p of policies()" [value]="p.id">{{ p.policyNumber }} ({{ p.i...
         ╵                                   ~~


X [ERROR] TS2339: Property 'id' does not exist on type 'PolicyDto'. [plugin angular-compiler]

    src/app/features/customer/billing/billing.component.ts:49:64:
      49 │ ...et p of policies()" [value]="p.id">{{ p.policyNumber }} ({{ p.i...
         ╵                                   ~~


X [ERROR] TS2551: Property 'getCustomerBillingDashboard' does not exist on type 'BillingService'. Did you mean 'getBillingDashboard'? [plugin angular-compiler]

    src/app/features/customer/billing/billing.component.ts:235:28:
      235 │ ...is.billingService.getCustomerBillingDashboard().subscribe(res ...
          ╵                      ~~~~~~~~~~~~~~~~~~~~~~~~~~~

  'getBillingDashboard' is declared here.

    src/app/core/services/billing.service.ts:30:4:
      30 │     getBillingDashboard(): Observable<ApiResponse<BillingDashboard...
         ╵     ~~~~~~~~~~~~~~~~~~~


X [ERROR] TS7006: Parameter 'res' implicitly has an 'any' type. [plugin angular-compiler]

    src/app/features/customer/billing/billing.component.ts:235:68:
      235 │ ...s.billingService.getCustomerBillingDashboard().subscribe(res => {
          ╵                                                             ~~~


X [ERROR] TS2554: Expected 1 arguments, but got 2. [plugin angular-compiler]

    src/app/features/customer/billing/billing.component.ts:241:42:
      241 │         this.policyService.getPolicies(1, 50).subscribe(res => {
          ╵                                           ~~


X [ERROR] TS2339: Property 'getMyInvoices' does not exist on type 'BillingService'. [plugin angular-compiler]

    src/app/features/customer/billing/billing.component.ts:253:32:
      253 │             this.billingService.getMyInvoices().subscribe(res => {
          ╵                                 ~~~~~~~~~~~~~


X [ERROR] TS7006: Parameter 'res' implicitly has an 'any' type. [plugin angular-compiler]

    src/app/features/customer/billing/billing.component.ts:253:58:
      253 │             this.billingService.getMyInvoices().subscribe(res => {
          ╵                                                           ~~~


X [ERROR] TS2339: Property 'id' does not exist on type 'InvoiceDto'. [plugin angular-compiler]

    src/app/features/customer/billing/billing.component.ts:269:39:
      269 │         this.payForm.invoiceId.set(inv.id);
          ╵                                        ~~


X [ERROR] TS2339: Property 'processPayment' does not exist on type 'BillingService'. [plugin angular-compiler]

    src/app/features/customer/billing/billing.component.ts:280:28:
      280 │         this.billingService.processPayment({
          ╵                             ~~~~~~~~~~~~~~


X [ERROR] TS7006: Parameter 'res' implicitly has an 'any' type. [plugin angular-compiler]

    src/app/features/customer/billing/billing.component.ts:286:19:
      286 │             next: (res) => {
          ╵                    ~~~


X [ERROR] TS2551: Property 'getCustomerBillingDashboard' does not exist on type 'BillingService'. Did you mean 'getBillingDashboard'? [plugin angular-compiler]

    src/app/features/customer/billing/billing.component.ts:292:40:
      292 │ ...is.billingService.getCustomerBillingDashboard().subscribe(d =>...
          ╵                      ~~~~~~~~~~~~~~~~~~~~~~~~~~~

  'getBillingDashboard' is declared here.

    src/app/core/services/billing.service.ts:30:4:
      30 │     getBillingDashboard(): Observable<ApiResponse<BillingDashboard...
         ╵     ~~~~~~~~~~~~~~~~~~~


X [ERROR] TS7006: Parameter 'd' implicitly has an 'any' type. [plugin angular-compiler]

    src/app/features/customer/billing/billing.component.ts:292:80:
      292 │ ...erBillingDashboard().subscribe(d => { if (d.success) this.dash...
          ╵                                   ^


X [ERROR] TS2353: Object literal may only specify known properties, and 'invoiceId' does not exist in type 'GenerateEmiRequest'. [plugin angular-compiler]

    src/app/features/customer/billing/billing.component.ts:307:12:
      307 │             invoiceId: eligibleInvoice.id,
          ╵             ~~~~~~~~~


X [ERROR] TS2339: Property 'id' does not exist on type 'InvoiceDto'. [plugin angular-compiler]

    src/app/features/customer/billing/billing.component.ts:307:39:
      307 │             invoiceId: eligibleInvoice.id,
          ╵                                        ~~


X [ERROR] TS2339: Property 'updateProfile' does not exist on type 'BusinessProfileService'. [plugin angular-compiler]

    src/app/features/customer/business-profile/business-profile.component.ts:210:42:
      210 │             ? this.businessProfileService.updateProfile(dto)
          ╵                                           ~~~~~~~~~~~~~


X [ERROR] TS2339: Property 'createProfile' does not exist on type 'BusinessProfileService'. [plugin angular-compiler]

    src/app/features/customer/business-profile/business-profile.component.ts:211:42:
      211 │             : this.businessProfileService.createProfile(dto);
          ╵                                           ~~~~~~~~~~~~~


X [ERROR] TS7006: Parameter 'res' implicitly has an 'any' type. [plugin angular-compiler]

    src/app/features/customer/business-profile/business-profile.component.ts:214:19:
      214 │             next: (res) => {
          ╵                    ~~~


X [ERROR] TS7006: Parameter 'err' implicitly has an 'any' type. [plugin angular-compiler]

    src/app/features/customer/business-profile/business-profile.component.ts:224:20:
      224 │             error: (err) => {
          ╵                     ~~~


X [ERROR] TS2339: Property 'id' does not exist on type 'PolicyDto'. [plugin angular-compiler]

    src/app/features/customer/claims/claims.component.ts:86:64:
      86 │ ...et p of policies()" [value]="p.id">{{ p.policyNumber }} ({{ p.i...
         ╵                                   ~~


X [ERROR] TS2339: Property 'id' does not exist on type 'PolicyDto'. [plugin angular-compiler]

    src/app/features/customer/claims/claims.component.ts:86:64:
      86 │ ...et p of policies()" [value]="p.id">{{ p.policyNumber }} ({{ p.i...
         ╵                                   ~~


X [ERROR] TS2339: Property 'assignedOfficerName' does not exist on type 'ClaimDto'. [plugin angular-compiler]

    src/app/features/customer/claims/claims.component.ts:156:47:
      156 │                   <div *ngIf="selectedClaim()?.assignedOfficerName">
          ╵                                                ~~~~~~~~~~~~~~~~~~~


X [ERROR] TS2339: Property 'assignedOfficerName' does not exist on type 'ClaimDto'. [plugin angular-compiler]

    src/app/features/customer/claims/claims.component.ts:158:79:
      158 │ ...sm text-gray-900">{{ selectedClaim()?.assignedOfficerName }}</dd>
          ╵                                          ~~~~~~~~~~~~~~~~~~~


X [ERROR] TS2551: Property 'fileSize' does not exist on type 'ClaimDocumentDto'. Did you mean 'fileSizeKb'? [plugin angular-compiler]

    src/app/features/customer/claims/claims.component.ts:180:81:
      180 │ ...k-0 text-gray-400">{{ (doc.fileSize / 1024).toFixed(1) }} KB</...
          ╵                               ~~~~~~~~


X [ERROR] TS2551: Property 'getMyClaims' does not exist on type 'ClaimsService'. Did you mean 'getClaims'? [plugin angular-compiler]

    src/app/features/customer/claims/claims.component.ts:231:27:
      231 │         this.claimsService.getMyClaims(this.currentPage(), 50).su...
          ╵                            ~~~~~~~~~~~

  'getClaims' is declared here.

    src/app/core/services/claims.service.ts:19:4:
      19 │     getClaims(params: any): Observable<ApiResponse<PagedResult<Cla...
         ╵     ~~~~~~~~~


X [ERROR] TS7006: Parameter 'res' implicitly has an 'any' type. [plugin angular-compiler]

    src/app/features/customer/claims/claims.component.ts:232:19:
      232 │             next: (res) => {
          ╵                    ~~~


X [ERROR] TS2554: Expected 1 arguments, but got 2. [plugin angular-compiler]

    src/app/features/customer/claims/claims.component.ts:244:42:
      244 │         this.policyService.getPolicies(1, 100).subscribe(res => {
          ╵                                           ~~~


X [ERROR] TS2322: Type 'string | null' is not assignable to type 'string | number'.
  Type 'null' is not assignable to type 'string | number'. [plugin angular-compiler]

    src/app/features/customer/customer-dashboard/customer-dashboard.component.ts:29:47:
      29 │ ...t-card title="Next Renewal" [value]="data.nextRenewalDate ? (da...
         ╵                                 ~~~~~


X [ERROR] TS2339: Property 'items' does not exist on type 'NotificationDto[]'. [plugin angular-compiler]

    src/app/features/customer/notifications/notifications.component.ts:85:52:
      85 │                     this.notifications.set(res.data.items);
         ╵                                                     ~~~~~


X [ERROR] TS2339: Property 'totalCount' does not exist on type 'NotificationDto[]'. [plugin angular-compiler]

    src/app/features/customer/notifications/notifications.component.ts:86:59:
      86 │ ...         this.totalPages.set(Math.ceil(res.data.totalCount / 10));
         ╵                                                    ~~~~~~~~~~


X [ERROR] TS2339: Property 'id' does not exist on type 'PolicyDto'. [plugin angular-compiler]

    src/app/features/customer/policies/policies.component.ts:33:42:
      33 │               (click)="loadPolicyDetail(p.id)"
         ╵                                           ~~


X [ERROR] TS2339: Property 'id' does not exist on type 'PolicyDetailDto'. [plugin angular-compiler]

    src/app/features/customer/policies/policies.component.ts:34:52:
      34 │               [class.bg-blue-50]="selectedPolicy()?.id === p.id"
         ╵                                                     ~~


X [ERROR] TS2339: Property 'id' does not exist on type 'PolicyDto'. [plugin angular-compiler]

    src/app/features/customer/policies/policies.component.ts:34:61:
      34 │               [class.bg-blue-50]="selectedPolicy()?.id === p.id"
         ╵                                                              ~~


X [ERROR] TS2339: Property 'id' does not exist on type 'PolicyDetailDto'. [plugin angular-compiler]

    src/app/features/customer/policies/policies.component.ts:35:57:
      35 │               [class.border-blue-200]="selectedPolicy()?.id === p.id"
         ╵                                                          ~~


X [ERROR] TS2339: Property 'id' does not exist on type 'PolicyDto'. [plugin angular-compiler]

    src/app/features/customer/policies/policies.component.ts:35:66:
      35 │               [class.border-blue-200]="selectedPolicy()?.id === p.id"
         ╵                                                                   ~~


X [ERROR] TS2339: Property 'planTier' does not exist on type 'PolicyDetailDto'. [plugin angular-compiler]

    src/app/features/customer/policies/policies.component.ts:79:126:
      79 │ ...icy()!.insuranceTypeName }} - {{ selectedPolicy()!.planTier }}</p>
         ╵                                                       ~~~~~~~~


X [ERROR] TS2554: Expected 1 arguments, but got 2. [plugin angular-compiler]

    src/app/features/customer/policies/policies.component.ts:247:45:
      247 │ ...this.policyService.getPolicies(page, this.pageSize()).subscribe({
          ╵                                         ~~~~~~~~~~~~~~~


X [ERROR] TS2339: Property 'id' does not exist on type 'PolicyDetailDto'. [plugin angular-compiler]

    src/app/features/customer/policies/policies.component.ts:285:63:
      285 │ ...Policy(this.selectedPolicy()!.id, this.cancelReason()).subscri...
          ╵                                  ~~


X [ERROR] TS2554: Expected 1 arguments, but got 2. [plugin angular-compiler]

    src/app/features/customer/policies/policies.component.ts:285:67:
      285 │ ...olicy(this.selectedPolicy()!.id, this.cancelReason()).subscribe({
          ╵                                     ~~~~~~~~~~~~~~~~~~~


X [ERROR] TS2339: Property 'id' does not exist on type 'PolicyDetailDto'. [plugin angular-compiler]

    src/app/features/customer/policies/policies.component.ts:292:65:
      292 │ ...his.loadPolicyDetail(this.selectedPolicy()!.id); // reload detail
          ╵                                                ~~


X [ERROR] TS2339: Property 'id' does not exist on type 'PolicyDetailDto'. [plugin angular-compiler]

    src/app/features/customer/policies/policies.component.ts:309:62:
      309 │ ....policyService.renewPolicy(this.selectedPolicy()!.id).subscribe({
          ╵                                                      ~~


X [ERROR] TS2339: Property 'id' does not exist on type 'PolicyDetailDto'. [plugin angular-compiler]

    src/app/features/customer/policies/policies.component.ts:313:65:
      313 │ ...                this.loadPolicyDetail(this.selectedPolicy()!.id);
          ╵                                                                 ~~


X [ERROR] TS2339: Property 'planTier' does not exist on type 'QuoteResponse'. [plugin angular-compiler]

    src/app/features/customer/quotes/quotes.component.ts:57:102:
      57 │ ...00 mb-2">{{ quote.insuranceTypeName }} - {{ quote.planTier }}</h4>
         ╵                                                      ~~~~~~~~


X [ERROR] TS2339: Property 'riskLevel' does not exist on type 'QuoteResponse'. [plugin angular-compiler]

    src/app/features/customer/quotes/quotes.component.ts:61:41:
      61 │               <app-badge [status]="quote.riskLevel"></app-badge>
         ╵                                          ~~~~~~~~~


X [ERROR] TS2339: Property 'multiplier' does not exist on type 'QuoteResponse'. [plugin angular-compiler]

    src/app/features/customer/quotes/quotes.component.ts:62:108:
      62 │ ...{ quote.riskScore }} | Multiplier: {{ quote.multiplier }}x)</span>
         ╵                                                ~~~~~~~~~~


X [ERROR] TS2339: Property 'status' does not exist on type 'QuoteResponse'. [plugin angular-compiler]

    src/app/features/customer/quotes/quotes.component.ts:78:33:
      78 │ ...        <button *ngIf="quote.status === 'Available'" (click)="o...
         ╵                                 ~~~~~~


X [ERROR] TS2339: Property 'planTier' does not exist on type 'QuoteResponse'. [plugin angular-compiler]

    src/app/features/customer/quotes/quotes.component.ts:104:64:
      104 │ ...    <div class="font-medium text-gray-900">{{ q.planTier }}</div>
          ╵                                                    ~~~~~~~~


X [ERROR] TS2339: Property 'riskLevel' does not exist on type 'QuoteResponse'. [plugin angular-compiler]

    src/app/features/customer/quotes/quotes.component.ts:108:89:
      108 │ ...wrap text-sm"><app-badge [status]="q.riskLevel"></app-badge></td>
          ╵                                         ~~~~~~~~~


X [ERROR] TS2339: Property 'status' does not exist on type 'QuoteResponse'. [plugin angular-compiler]

    src/app/features/customer/quotes/quotes.component.ts:109:89:
      109 │ ...-sm"><app-badge [status]="q.status === 'Converted' ? 'Approved...
          ╵                                ~~~~~~


X [ERROR] TS2339: Property 'status' does not exist on type 'QuoteResponse'. [plugin angular-compiler]

    src/app/features/customer/quotes/quotes.component.ts:111:37:
      111 │ ...           <button *ngIf="q.status === 'Available'" (click)="o...
          ╵                                ~~~~~~


X [ERROR] TS2339: Property 'status' does not exist on type 'QuoteResponse'. [plugin angular-compiler]

    src/app/features/customer/quotes/quotes.component.ts:112:35:
      112 │ ...             <span *ngIf="q.status === 'Converted'" class="tex...
          ╵                                ~~~~~~


X [ERROR] TS2339: Property 'status' does not exist on type 'QuoteResponse'. [plugin angular-compiler]

    src/app/features/customer/quotes/quotes.component.ts:113:35:
      113 │ ...             <span *ngIf="q.status === 'Expired'" class="text-...
          ╵                                ~~~~~~


X [ERROR] TS2339: Property 'plans' does not exist on type 'InsuranceTypeDto'. [plugin angular-compiler]

    src/app/features/customer/quotes/quotes.component.ts:211:41:
      211 │             if (res.success && res.data?.plans) {
          ╵                                          ~~~~~


X [ERROR] TS2339: Property 'plans' does not exist on type 'InsuranceTypeDto'. [plugin angular-compiler]

    src/app/features/customer/quotes/quotes.component.ts:212:40:
      212 │                 this.plans.set(res.data.plans);
          ╵                                         ~~~~~


X [ERROR] TS2345: Argument of type '{ planId: number; }' is not assignable to parameter of type 'QuoteRequest'.
  Property 'businessProfileId' is missing in type '{ planId: number; }' but required in type 'QuoteRequest'. [plugin angular-compiler]

    src/app/features/customer/quotes/quotes.component.ts:231:40:
      231 │ ...ice.generateQuote({ planId: this.selectedPlanId()! }).subscribe({
          ╵                      ~~~~~~~~~~~~~~~~~~~~~~~~~~~~~~~~~~

  'businessProfileId' is declared here.

    src/app/core/models/quote.model.ts:2:4:
      2 │     businessProfileId: number | string;
        ╵     ~~~~~~~~~~~~~~~~~


X [ERROR] TS2339: Property 'id' does not exist on type 'QuoteResponse'. [plugin angular-compiler]

    src/app/features/customer/quotes/quotes.component.ts:266:49:
      266 │             quoteId: this.selectedQuoteToConvert.id,
          ╵                                                  ~~


X [ERROR] TS2339: Property 'emptyMessage' does not exist on type 'DataTableComponent'. [plugin angular-compiler]

    src/app/shared/components/data-table.component.ts:30:19:
      30 │                 {{ emptyMessage }}
         ╵                    ~~~~~~~~~~~~


